[2017-02-24 08:35:00][debug] begin notify!
[2017-02-24 08:35:00][debug] call back:{"appid":"wx10b58c2a30f77b99","attach":"test","bank_type":"CFT","cash_fee":"1","fee_type":"CNY","is_subscribe":"Y","mch_id":"1438890702","nonce_str":"mgc8cheyu17wgd7cf920i637p8yz5lcp","openid":"oRhJXt51KE-vzwCIyHvYfAlxAWLg","out_trade_no":"143889070220170224083448","result_code":"SUCCESS","return_code":"SUCCESS","sign":"EB7B07E4CC0987BB24E7699AFD0C62BF","time_end":"20170224083459","total_fee":"1","trade_type":"NATIVE","transaction_id":"4005512001201702241091148612"}
[2017-02-24 08:35:00][debug] 回调数据异常
[2017-02-24 08:35:00][debug] Result:{"return_code":"FAIL","return_msg":"OK"}
[2017-02-24 08:35:16][debug] begin notify!
[2017-02-24 08:35:16][debug] call back:{"appid":"wx10b58c2a30f77b99","attach":"test","bank_type":"CFT","cash_fee":"1","fee_type":"CNY","is_subscribe":"Y","mch_id":"1438890702","nonce_str":"mgc8cheyu17wgd7cf920i637p8yz5lcp","openid":"oRhJXt51KE-vzwCIyHvYfAlxAWLg","out_trade_no":"143889070220170224083448","result_code":"SUCCESS","return_code":"SUCCESS","sign":"EB7B07E4CC0987BB24E7699AFD0C62BF","time_end":"20170224083459","total_fee":"1","trade_type":"NATIVE","transaction_id":"4005512001201702241091148612"}
[2017-02-24 08:35:16][debug] 回调数据异常
[2017-02-24 08:35:16][debug] Result:{"return_code":"FAIL","return_msg":"OK"}
[2017-02-24 08:35:32][debug] begin notify!
[2017-02-24 08:35:32][debug] call back:{"appid":"wx10b58c2a30f77b99","attach":"test","bank_type":"CFT","cash_fee":"1","fee_type":"CNY","is_subscribe":"Y","mch_id":"1438890702","nonce_str":"mgc8cheyu17wgd7cf920i637p8yz5lcp","openid":"oRhJXt51KE-vzwCIyHvYfAlxAWLg","out_trade_no":"143889070220170224083448","result_code":"SUCCESS","return_code":"SUCCESS","sign":"EB7B07E4CC0987BB24E7699AFD0C62BF","time_end":"20170224083459","total_fee":"1","trade_type":"NATIVE","transaction_id":"4005512001201702241091148612"}
[2017-02-24 08:35:32][debug] 回调数据异常
[2017-02-24 08:35:32][debug] Result:{"return_code":"FAIL","return_msg":"OK"}
[2017-02-24 08:36:03][debug] begin notify!
[2017-02-24 08:36:03][debug] call back:{"appid":"wx10b58c2a30f77b99","attach":"test","bank_type":"CFT","cash_fee":"1","fee_type":"CNY","is_subscribe":"Y","mch_id":"1438890702","nonce_str":"mgc8cheyu17wgd7cf920i637p8yz5lcp","openid":"oRhJXt51KE-vzwCIyHvYfAlxAWLg","out_trade_no":"143889070220170224083448","result_code":"SUCCESS","return_code":"SUCCESS","sign":"EB7B07E4CC0987BB24E7699AFD0C62BF","time_end":"20170224083459","total_fee":"1","trade_type":"NATIVE","transaction_id":"4005512001201702241091148612"}
[2017-02-24 08:36:03][debug] 回调数据异常
[2017-02-24 08:36:03][debug] Result:{"return_code":"FAIL","return_msg":"OK"}
[2017-02-24 08:37:05][debug] begin notify!
[2017-02-24 08:37:05][debug] call back:{"appid":"wx10b58c2a30f77b99","attach":"test","bank_type":"CFT","cash_fee":"1","fee_type":"CNY","is_subscribe":"Y","mch_id":"1438890702","nonce_str":"c5l7ca3i59b5nmr8fq4qohm2kzim4sh1","openid":"oRhJXt51KE-vzwCIyHvYfAlxAWLg","out_trade_no":"143889070220170224080254","result_code":"SUCCESS","return_code":"SUCCESS","sign":"79255BB6DFE46D86663602F09C3EF51C","time_end":"20170224080306","total_fee":"1","trade_type":"NATIVE","transaction_id":"4005512001201702241089009073"}
[2017-02-24 08:37:05][debug] 回调数据异常
[2017-02-24 08:37:05][debug] Result:{"return_code":"FAIL","return_msg":"OK"}
[2017-02-24 08:39:06][debug] begin notify!
[2017-02-24 08:39:06][debug] call back:{"appid":"wx10b58c2a30f77b99","attach":"test","bank_type":"CFT","cash_fee":"1","fee_type":"CNY","is_subscribe":"Y","mch_id":"1438890702","nonce_str":"mgc8cheyu17wgd7cf920i637p8yz5lcp","openid":"oRhJXt51KE-vzwCIyHvYfAlxAWLg","out_trade_no":"143889070220170224083448","result_code":"SUCCESS","return_code":"SUCCESS","sign":"EB7B07E4CC0987BB24E7699AFD0C62BF","time_end":"20170224083459","total_fee":"1","trade_type":"NATIVE","transaction_id":"4005512001201702241091148612"}
[2017-02-24 08:39:06][debug] 回调数据异常
[2017-02-24 08:39:06][debug] Result:{"return_code":"FAIL","return_msg":"OK"}
[2017-02-24 08:41:24][debug] begin notify!
[2017-02-24 08:41:24][debug] call back:{"appid":"wx10b58c2a30f77b99","attach":"test","bank_type":"CFT","cash_fee":"1","fee_type":"CNY","is_subscribe":"Y","mch_id":"1438890702","nonce_str":"575og9zi9qjuo5v5pd45na03eula9eay","openid":"oRhJXt51KE-vzwCIyHvYfAlxAWLg","out_trade_no":"143889070220170224080707","result_code":"SUCCESS","return_code":"SUCCESS","sign":"C0B294060EA69CAEB8034D9B8CCF2CA7","time_end":"20170224080719","total_fee":"1","trade_type":"NATIVE","transaction_id":"4005512001201702241090537060"}
[2017-02-24 08:41:24][debug] 回调数据异常
[2017-02-24 08:41:24][debug] Result:{"return_code":"FAIL","return_msg":"OK"}
[2017-02-24 08:47:00][debug] begin notify!
[2017-02-24 08:47:00][debug] call back:{"appid":"wx10b58c2a30f77b99","attach":"test","bank_type":"CFT","cash_fee":"1","fee_type":"CNY","is_subscribe":"Y","mch_id":"1438890702","nonce_str":"l94irr173z8mkb3xe3hzykd46wcp5yfc","openid":"oRhJXt51KE-vzwCIyHvYfAlxAWLg","out_trade_no":"143889070220170224074224","result_code":"SUCCESS","return_code":"SUCCESS","sign":"D480D18E195BF55F7E68B76E391CB6ED","time_end":"20170224074252","total_fee":"1","trade_type":"NATIVE","transaction_id":"4005512001201702241085545914"}
[2017-02-24 08:47:00][debug] 回调数据异常
[2017-02-24 08:47:00][debug] Result:{"return_code":"FAIL","return_msg":"OK"}
[2017-02-24 08:59:40][debug] begin notify!
[2017-02-24 08:59:40][debug] call back:{"appid":"wx10b58c2a30f77b99","attach":"test","bank_type":"CFT","cash_fee":"1","fee_type":"CNY","is_subscribe":"Y","mch_id":"1438890702","nonce_str":"9rj88u4bo63hvc59prl3yekdi9zucbly","openid":"oRhJXt51KE-vzwCIyHvYfAlxAWLg","out_trade_no":"143889070220170224075524","result_code":"SUCCESS","return_code":"SUCCESS","sign":"9183AB05E82E5CDFBB296014BC9B9920","time_end":"20170224075538","total_fee":"1","trade_type":"NATIVE","transaction_id":"4005512001201702241088843337"}
[2017-02-24 08:59:40][debug] 回调数据异常
[2017-02-24 08:59:40][debug] Result:{"return_code":"FAIL","return_msg":"OK"}
[2017-02-24 09:03:54][debug] begin notify!
[2017-02-24 09:03:54][debug] call back:{"appid":"wx10b58c2a30f77b99","attach":"test","bank_type":"CFT","cash_fee":"1","fee_type":"CNY","is_subscribe":"Y","mch_id":"1438890702","nonce_str":"0skmmg1mzksd2gdithf7fk663puj9opb","openid":"oRhJXt51KE-vzwCIyHvYfAlxAWLg","out_trade_no":"143889070220170224075930","result_code":"SUCCESS","return_code":"SUCCESS","sign":"D1DD2C73D1489A771CD732D00B8E2007","time_end":"20170224075938","total_fee":"1","trade_type":"NATIVE","transaction_id":"4005512001201702241088939037"}
[2017-02-24 09:03:54][debug] 回调数据异常
[2017-02-24 09:03:54][debug] Result:{"return_code":"FAIL","return_msg":"OK"}
[2017-02-24 09:07:07][debug] begin notify!
[2017-02-24 09:07:07][debug] call back:{"appid":"wx10b58c2a30f77b99","attach":"test","bank_type":"CFT","cash_fee":"1","fee_type":"CNY","is_subscribe":"Y","mch_id":"1438890702","nonce_str":"c5l7ca3i59b5nmr8fq4qohm2kzim4sh1","openid":"oRhJXt51KE-vzwCIyHvYfAlxAWLg","out_trade_no":"143889070220170224080254","result_code":"SUCCESS","return_code":"SUCCESS","sign":"79255BB6DFE46D86663602F09C3EF51C","time_end":"20170224080306","total_fee":"1","trade_type":"NATIVE","transaction_id":"4005512001201702241089009073"}
[2017-02-24 09:07:07][debug] 回调数据异常
[2017-02-24 09:07:07][debug] Result:{"return_code":"FAIL","return_msg":"OK"}
[2017-02-24 09:09:07][debug] begin notify!
[2017-02-24 09:09:07][debug] call back:{"appid":"wx10b58c2a30f77b99","attach":"test","bank_type":"CFT","cash_fee":"1","fee_type":"CNY","is_subscribe":"Y","mch_id":"1438890702","nonce_str":"mgc8cheyu17wgd7cf920i637p8yz5lcp","openid":"oRhJXt51KE-vzwCIyHvYfAlxAWLg","out_trade_no":"143889070220170224083448","result_code":"SUCCESS","return_code":"SUCCESS","sign":"EB7B07E4CC0987BB24E7699AFD0C62BF","time_end":"20170224083459","total_fee":"1","trade_type":"NATIVE","transaction_id":"4005512001201702241091148612"}
[2017-02-24 09:09:07][debug] 回调数据异常
[2017-02-24 09:09:07][debug] Result:{"return_code":"FAIL","return_msg":"OK"}
[2017-02-24 09:11:26][debug] begin notify!
[2017-02-24 09:11:26][debug] call back:{"appid":"wx10b58c2a30f77b99","attach":"test","bank_type":"CFT","cash_fee":"1","fee_type":"CNY","is_subscribe":"Y","mch_id":"1438890702","nonce_str":"575og9zi9qjuo5v5pd45na03eula9eay","openid":"oRhJXt51KE-vzwCIyHvYfAlxAWLg","out_trade_no":"143889070220170224080707","result_code":"SUCCESS","return_code":"SUCCESS","sign":"C0B294060EA69CAEB8034D9B8CCF2CA7","time_end":"20170224080719","total_fee":"1","trade_type":"NATIVE","transaction_id":"4005512001201702241090537060"}
[2017-02-24 09:11:26][debug] 回调数据异常
[2017-02-24 09:11:26][debug] Result:{"return_code":"FAIL","return_msg":"OK"}
[2017-02-24 09:17:02][debug] begin notify!
[2017-02-24 09:17:02][debug] call back:{"appid":"wx10b58c2a30f77b99","attach":"test","bank_type":"CFT","cash_fee":"1","fee_type":"CNY","is_subscribe":"Y","mch_id":"1438890702","nonce_str":"l94irr173z8mkb3xe3hzykd46wcp5yfc","openid":"oRhJXt51KE-vzwCIyHvYfAlxAWLg","out_trade_no":"143889070220170224074224","result_code":"SUCCESS","return_code":"SUCCESS","sign":"D480D18E195BF55F7E68B76E391CB6ED","time_end":"20170224074252","total_fee":"1","trade_type":"NATIVE","transaction_id":"4005512001201702241085545914"}
[2017-02-24 09:17:02][debug] 回调数据异常
[2017-02-24 09:17:02][debug] Result:{"return_code":"FAIL","return_msg":"OK"}
[2017-02-24 09:29:41][debug] begin notify!
[2017-02-24 09:29:41][debug] call back:{"appid":"wx10b58c2a30f77b99","attach":"test","bank_type":"CFT","cash_fee":"1","fee_type":"CNY","is_subscribe":"Y","mch_id":"1438890702","nonce_str":"9rj88u4bo63hvc59prl3yekdi9zucbly","openid":"oRhJXt51KE-vzwCIyHvYfAlxAWLg","out_trade_no":"143889070220170224075524","result_code":"SUCCESS","return_code":"SUCCESS","sign":"9183AB05E82E5CDFBB296014BC9B9920","time_end":"20170224075538","total_fee":"1","trade_type":"NATIVE","transaction_id":"4005512001201702241088843337"}
[2017-02-24 09:29:41][debug] 回调数据异常
[2017-02-24 09:29:41][debug] Result:{"return_code":"FAIL","return_msg":"OK"}
[2017-02-24 09:33:56][debug] begin notify!
[2017-02-24 09:33:56][debug] call back:{"appid":"wx10b58c2a30f77b99","attach":"test","bank_type":"CFT","cash_fee":"1","fee_type":"CNY","is_subscribe":"Y","mch_id":"1438890702","nonce_str":"0skmmg1mzksd2gdithf7fk663puj9opb","openid":"oRhJXt51KE-vzwCIyHvYfAlxAWLg","out_trade_no":"143889070220170224075930","result_code":"SUCCESS","return_code":"SUCCESS","sign":"D1DD2C73D1489A771CD732D00B8E2007","time_end":"20170224075938","total_fee":"1","trade_type":"NATIVE","transaction_id":"4005512001201702241088939037"}
[2017-02-24 09:33:56][debug] 回调数据异常
[2017-02-24 09:33:56][debug] Result:{"return_code":"FAIL","return_msg":"OK"}
[2017-02-24 09:37:08][debug] begin notify!
[2017-02-24 09:37:08][debug] call back:{"appid":"wx10b58c2a30f77b99","attach":"test","bank_type":"CFT","cash_fee":"1","fee_type":"CNY","is_subscribe":"Y","mch_id":"1438890702","nonce_str":"c5l7ca3i59b5nmr8fq4qohm2kzim4sh1","openid":"oRhJXt51KE-vzwCIyHvYfAlxAWLg","out_trade_no":"143889070220170224080254","result_code":"SUCCESS","return_code":"SUCCESS","sign":"79255BB6DFE46D86663602F09C3EF51C","time_end":"20170224080306","total_fee":"1","trade_type":"NATIVE","transaction_id":"4005512001201702241089009073"}
[2017-02-24 09:37:08][debug] 回调数据异常
[2017-02-24 09:37:08][debug] Result:{"return_code":"FAIL","return_msg":"OK"}
[2017-02-24 09:39:11][debug] begin notify!
[2017-02-24 09:39:11][debug] call back:{"appid":"wx10b58c2a30f77b99","attach":"test","bank_type":"CFT","cash_fee":"1","fee_type":"CNY","is_subscribe":"Y","mch_id":"1438890702","nonce_str":"mgc8cheyu17wgd7cf920i637p8yz5lcp","openid":"oRhJXt51KE-vzwCIyHvYfAlxAWLg","out_trade_no":"143889070220170224083448","result_code":"SUCCESS","return_code":"SUCCESS","sign":"EB7B07E4CC0987BB24E7699AFD0C62BF","time_end":"20170224083459","total_fee":"1","trade_type":"NATIVE","transaction_id":"4005512001201702241091148612"}
[2017-02-24 09:39:11][debug] 回调数据异常
[2017-02-24 09:39:11][debug] Result:{"return_code":"FAIL","return_msg":"OK"}
[2017-02-24 09:41:27][debug] begin notify!
[2017-02-24 09:41:27][debug] call back:{"appid":"wx10b58c2a30f77b99","attach":"test","bank_type":"CFT","cash_fee":"1","fee_type":"CNY","is_subscribe":"Y","mch_id":"1438890702","nonce_str":"575og9zi9qjuo5v5pd45na03eula9eay","openid":"oRhJXt51KE-vzwCIyHvYfAlxAWLg","out_trade_no":"143889070220170224080707","result_code":"SUCCESS","return_code":"SUCCESS","sign":"C0B294060EA69CAEB8034D9B8CCF2CA7","time_end":"20170224080719","total_fee":"1","trade_type":"NATIVE","transaction_id":"4005512001201702241090537060"}
[2017-02-24 09:41:27][debug] 回调数据异常
[2017-02-24 09:41:27][debug] Result:{"return_code":"FAIL","return_msg":"OK"}
[2017-02-24 09:47:04][debug] begin notify!
[2017-02-24 09:47:04][debug] call back:{"appid":"wx10b58c2a30f77b99","attach":"test","bank_type":"CFT","cash_fee":"1","fee_type":"CNY","is_subscribe":"Y","mch_id":"1438890702","nonce_str":"l94irr173z8mkb3xe3hzykd46wcp5yfc","openid":"oRhJXt51KE-vzwCIyHvYfAlxAWLg","out_trade_no":"143889070220170224074224","result_code":"SUCCESS","return_code":"SUCCESS","sign":"D480D18E195BF55F7E68B76E391CB6ED","time_end":"20170224074252","total_fee":"1","trade_type":"NATIVE","transaction_id":"4005512001201702241085545914"}
[2017-02-24 09:47:04][debug] 回调数据异常
[2017-02-24 09:47:04][debug] Result:{"return_code":"FAIL","return_msg":"OK"}
[2017-02-24 09:59:42][debug] begin notify!
[2017-02-24 09:59:42][debug] call back:{"appid":"wx10b58c2a30f77b99","attach":"test","bank_type":"CFT","cash_fee":"1","fee_type":"CNY","is_subscribe":"Y","mch_id":"1438890702","nonce_str":"9rj88u4bo63hvc59prl3yekdi9zucbly","openid":"oRhJXt51KE-vzwCIyHvYfAlxAWLg","out_trade_no":"143889070220170224075524","result_code":"SUCCESS","return_code":"SUCCESS","sign":"9183AB05E82E5CDFBB296014BC9B9920","time_end":"20170224075538","total_fee":"1","trade_type":"NATIVE","transaction_id":"4005512001201702241088843337"}
[2017-02-24 09:59:42][debug] 回调数据异常
[2017-02-24 09:59:42][debug] Result:{"return_code":"FAIL","return_msg":"OK"}
[2017-02-24 10:03:58][debug] begin notify!
[2017-02-24 10:03:58][debug] call back:{"appid":"wx10b58c2a30f77b99","attach":"test","bank_type":"CFT","cash_fee":"1","fee_type":"CNY","is_subscribe":"Y","mch_id":"1438890702","nonce_str":"0skmmg1mzksd2gdithf7fk663puj9opb","openid":"oRhJXt51KE-vzwCIyHvYfAlxAWLg","out_trade_no":"143889070220170224075930","result_code":"SUCCESS","return_code":"SUCCESS","sign":"D1DD2C73D1489A771CD732D00B8E2007","time_end":"20170224075938","total_fee":"1","trade_type":"NATIVE","transaction_id":"4005512001201702241088939037"}
[2017-02-24 10:03:58][debug] 回调数据异常
[2017-02-24 10:03:58][debug] Result:{"return_code":"FAIL","return_msg":"OK"}
[2017-02-24 10:07:10][debug] begin notify!
[2017-02-24 10:07:10][debug] call back:{"appid":"wx10b58c2a30f77b99","attach":"test","bank_type":"CFT","cash_fee":"1","fee_type":"CNY","is_subscribe":"Y","mch_id":"1438890702","nonce_str":"c5l7ca3i59b5nmr8fq4qohm2kzim4sh1","openid":"oRhJXt51KE-vzwCIyHvYfAlxAWLg","out_trade_no":"143889070220170224080254","result_code":"SUCCESS","return_code":"SUCCESS","sign":"79255BB6DFE46D86663602F09C3EF51C","time_end":"20170224080306","total_fee":"1","trade_type":"NATIVE","transaction_id":"4005512001201702241089009073"}
[2017-02-24 10:07:10][debug] 回调数据异常
[2017-02-24 10:07:10][debug] Result:{"return_code":"FAIL","return_msg":"OK"}
[2017-02-24 10:09:13][debug] begin notify!
[2017-02-24 10:09:13][debug] call back:{"appid":"wx10b58c2a30f77b99","attach":"test","bank_type":"CFT","cash_fee":"1","fee_type":"CNY","is_subscribe":"Y","mch_id":"1438890702","nonce_str":"mgc8cheyu17wgd7cf920i637p8yz5lcp","openid":"oRhJXt51KE-vzwCIyHvYfAlxAWLg","out_trade_no":"143889070220170224083448","result_code":"SUCCESS","return_code":"SUCCESS","sign":"EB7B07E4CC0987BB24E7699AFD0C62BF","time_end":"20170224083459","total_fee":"1","trade_type":"NATIVE","transaction_id":"4005512001201702241091148612"}
[2017-02-24 10:09:13][debug] 回调数据异常
[2017-02-24 10:09:13][debug] Result:{"return_code":"FAIL","return_msg":"OK"}
[2017-02-24 10:11:29][debug] begin notify!
[2017-02-24 10:11:29][debug] call back:{"appid":"wx10b58c2a30f77b99","attach":"test","bank_type":"CFT","cash_fee":"1","fee_type":"CNY","is_subscribe":"Y","mch_id":"1438890702","nonce_str":"575og9zi9qjuo5v5pd45na03eula9eay","openid":"oRhJXt51KE-vzwCIyHvYfAlxAWLg","out_trade_no":"143889070220170224080707","result_code":"SUCCESS","return_code":"SUCCESS","sign":"C0B294060EA69CAEB8034D9B8CCF2CA7","time_end":"20170224080719","total_fee":"1","trade_type":"NATIVE","transaction_id":"4005512001201702241090537060"}
[2017-02-24 10:11:29][debug] 回调数据异常
[2017-02-24 10:11:29][debug] Result:{"return_code":"FAIL","return_msg":"OK"}
[2017-02-24 10:39:16][debug] begin notify!
[2017-02-24 10:39:16][debug] call back:{"appid":"wx10b58c2a30f77b99","attach":"test","bank_type":"CFT","cash_fee":"1","fee_type":"CNY","is_subscribe":"Y","mch_id":"1438890702","nonce_str":"mgc8cheyu17wgd7cf920i637p8yz5lcp","openid":"oRhJXt51KE-vzwCIyHvYfAlxAWLg","out_trade_no":"143889070220170224083448","result_code":"SUCCESS","return_code":"SUCCESS","sign":"EB7B07E4CC0987BB24E7699AFD0C62BF","time_end":"20170224083459","total_fee":"1","trade_type":"NATIVE","transaction_id":"4005512001201702241091148612"}
[2017-02-24 10:39:16][debug] 回调数据异常
[2017-02-24 10:39:16][debug] Result:{"return_code":"FAIL","return_msg":"OK"}
[2017-02-24 10:47:05][debug] begin notify!
[2017-02-24 10:47:05][debug] call back:{"appid":"wx10b58c2a30f77b99","attach":"test","bank_type":"CFT","cash_fee":"1","fee_type":"CNY","is_subscribe":"Y","mch_id":"1438890702","nonce_str":"l94irr173z8mkb3xe3hzykd46wcp5yfc","openid":"oRhJXt51KE-vzwCIyHvYfAlxAWLg","out_trade_no":"143889070220170224074224","result_code":"SUCCESS","return_code":"SUCCESS","sign":"D480D18E195BF55F7E68B76E391CB6ED","time_end":"20170224074252","total_fee":"1","trade_type":"NATIVE","transaction_id":"4005512001201702241085545914"}
[2017-02-24 10:47:05][debug] 回调数据异常
[2017-02-24 10:47:05][debug] Result:{"return_code":"FAIL","return_msg":"OK"}
[2017-02-24 10:59:44][debug] begin notify!
[2017-02-24 10:59:44][debug] call back:{"appid":"wx10b58c2a30f77b99","attach":"test","bank_type":"CFT","cash_fee":"1","fee_type":"CNY","is_subscribe":"Y","mch_id":"1438890702","nonce_str":"9rj88u4bo63hvc59prl3yekdi9zucbly","openid":"oRhJXt51KE-vzwCIyHvYfAlxAWLg","out_trade_no":"143889070220170224075524","result_code":"SUCCESS","return_code":"SUCCESS","sign":"9183AB05E82E5CDFBB296014BC9B9920","time_end":"20170224075538","total_fee":"1","trade_type":"NATIVE","transaction_id":"4005512001201702241088843337"}
[2017-02-24 10:59:44][debug] 回调数据异常
[2017-02-24 10:59:44][debug] Result:{"return_code":"FAIL","return_msg":"OK"}
[2017-02-24 11:04:00][debug] begin notify!
[2017-02-24 11:04:00][debug] call back:{"appid":"wx10b58c2a30f77b99","attach":"test","bank_type":"CFT","cash_fee":"1","fee_type":"CNY","is_subscribe":"Y","mch_id":"1438890702","nonce_str":"0skmmg1mzksd2gdithf7fk663puj9opb","openid":"oRhJXt51KE-vzwCIyHvYfAlxAWLg","out_trade_no":"143889070220170224075930","result_code":"SUCCESS","return_code":"SUCCESS","sign":"D1DD2C73D1489A771CD732D00B8E2007","time_end":"20170224075938","total_fee":"1","trade_type":"NATIVE","transaction_id":"4005512001201702241088939037"}
[2017-02-24 11:04:00][debug] 回调数据异常
[2017-02-24 11:04:00][debug] Result:{"return_code":"FAIL","return_msg":"OK"}
[2017-02-24 11:07:11][debug] begin notify!
[2017-02-24 11:07:11][debug] call back:{"appid":"wx10b58c2a30f77b99","attach":"test","bank_type":"CFT","cash_fee":"1","fee_type":"CNY","is_subscribe":"Y","mch_id":"1438890702","nonce_str":"c5l7ca3i59b5nmr8fq4qohm2kzim4sh1","openid":"oRhJXt51KE-vzwCIyHvYfAlxAWLg","out_trade_no":"143889070220170224080254","result_code":"SUCCESS","return_code":"SUCCESS","sign":"79255BB6DFE46D86663602F09C3EF51C","time_end":"20170224080306","total_fee":"1","trade_type":"NATIVE","transaction_id":"4005512001201702241089009073"}
[2017-02-24 11:07:11][debug] 回调数据异常
[2017-02-24 11:07:11][debug] Result:{"return_code":"FAIL","return_msg":"OK"}
[2017-02-24 11:11:31][debug] begin notify!
[2017-02-24 11:11:31][debug] call back:{"appid":"wx10b58c2a30f77b99","attach":"test","bank_type":"CFT","cash_fee":"1","fee_type":"CNY","is_subscribe":"Y","mch_id":"1438890702","nonce_str":"575og9zi9qjuo5v5pd45na03eula9eay","openid":"oRhJXt51KE-vzwCIyHvYfAlxAWLg","out_trade_no":"143889070220170224080707","result_code":"SUCCESS","return_code":"SUCCESS","sign":"C0B294060EA69CAEB8034D9B8CCF2CA7","time_end":"20170224080719","total_fee":"1","trade_type":"NATIVE","transaction_id":"4005512001201702241090537060"}
[2017-02-24 11:11:31][debug] 回调数据异常
[2017-02-24 11:11:31][debug] Result:{"return_code":"FAIL","return_msg":"OK"}
[2017-02-24 11:39:18][debug] begin notify!
[2017-02-24 11:39:18][debug] call back:{"appid":"wx10b58c2a30f77b99","attach":"test","bank_type":"CFT","cash_fee":"1","fee_type":"CNY","is_subscribe":"Y","mch_id":"1438890702","nonce_str":"mgc8cheyu17wgd7cf920i637p8yz5lcp","openid":"oRhJXt51KE-vzwCIyHvYfAlxAWLg","out_trade_no":"143889070220170224083448","result_code":"SUCCESS","return_code":"SUCCESS","sign":"EB7B07E4CC0987BB24E7699AFD0C62BF","time_end":"20170224083459","total_fee":"1","trade_type":"NATIVE","transaction_id":"4005512001201702241091148612"}
[2017-02-24 11:39:18][debug] 回调数据异常
[2017-02-24 11:39:18][debug] Result:{"return_code":"FAIL","return_msg":"OK"}
[2017-02-24 12:58:14][debug] begin notify
[2017-02-24 12:58:14][debug] call back:{"appid":"wx10b58c2a30f77b99","attach":"test","bank_type":"CFT","cash_fee":"1","fee_type":"CNY","is_subscribe":"Y","mch_id":"1438890702","nonce_str":"37gywqrkckiqtdjbafo44ko1rheiudix","openid":"oRhJXt51KE-vzwCIyHvYfAlxAWLg","out_trade_no":"143889070220170224125631","result_code":"SUCCESS","return_code":"SUCCESS","sign":"47B95C9503D65783DBC89877CE2E1131","time_end":"20170224125814","total_fee":"1","trade_type":"JSAPI","transaction_id":"4005512001201702241121544293"}
[2017-02-24 12:58:14][debug] query:{"appid":"wx10b58c2a30f77b99","attach":"test","bank_type":"CFT","cash_fee":"1","fee_type":"CNY","is_subscribe":"Y","mch_id":"1438890702","nonce_str":"6tKRn3sWqjFMf653","openid":"oRhJXt51KE-vzwCIyHvYfAlxAWLg","out_trade_no":"143889070220170224125631","result_code":"SUCCESS","return_code":"SUCCESS","return_msg":"OK","sign":"DC1E0A1753B283A5C56F22DFD49D6741","time_end":"20170224125814","total_fee":"1","trade_state":"SUCCESS","trade_type":"JSAPI","transaction_id":"4005512001201702241121544293"}
[2017-02-24 15:41:05][debug] begin notify
[2017-02-24 15:41:05][debug] call back:{"appid":"wx10b58c2a30f77b99","attach":"test","bank_type":"CFT","cash_fee":"1","fee_type":"CNY","is_subscribe":"Y","mch_id":"1438890702","nonce_str":"05fc5pglgn8xk90xcdq16q66ftpu3q0t","openid":"oRhJXt51KE-vzwCIyHvYfAlxAWLg","out_trade_no":"143889070220170224154050","result_code":"SUCCESS","return_code":"SUCCESS","sign":"779596F85F1012C463B91DE3BAF92F4E","time_end":"20170224154105","total_fee":"1","trade_type":"JSAPI","transaction_id":"4005512001201702241142464715"}
[2017-02-24 15:41:06][debug] query:{"appid":"wx10b58c2a30f77b99","attach":"test","bank_type":"CFT","cash_fee":"1","fee_type":"CNY","is_subscribe":"Y","mch_id":"1438890702","nonce_str":"6RYTf4eL898BsZO5","openid":"oRhJXt51KE-vzwCIyHvYfAlxAWLg","out_trade_no":"143889070220170224154050","result_code":"SUCCESS","return_code":"SUCCESS","return_msg":"OK","sign":"D25F39CB9FAAB7286A24C380BD5DE445","time_end":"20170224154105","total_fee":"1","trade_state":"SUCCESS","trade_type":"JSAPI","transaction_id":"4005512001201702241142464715"}
[2017-02-24 15:41:06][debug] Result:{"return_code":"SUCCESS","return_msg":"OK"}
